2017-03-10 13:25:48,384:DEBUG	4472-MainThread	screenlockApp.py	36	 screenlockApp: Starting	
2017-03-10 13:25:48,431:DEBUG	4472-MainThread	blockKeys.py	10	blocking keys	
2017-03-10 13:25:48,431:DEBUG	2728-Thread-1	screenlockForegrounder.py	117	win1 length: 0, win2 length: 8	
2017-03-10 13:25:48,447:DEBUG	2728-Thread-1	screenlockForegrounder.py	118	Only in list 2: {'GetWindowText': 'Command Prompt - python  screenlockApp.py "Raj Patel" "password"',
 'IsForegroundWindow': False,
 'IsWindowEnabled': 1,
 'IsWindowVisible': 1,
 'hwnd': 328448,
 'minimized': 0,
 'next': 263174,
 'preferredOrder': 999,
 'rectangle': (463, 60, 1456, 579),
 'title': 'Command Prompt - python  screenlockApp.py "Raj Patel" "password"',
 'zIndex': 27}
Only in list 2: {'GetWindowText': 'Program Manager',
 'IsForegroundWindow': False,
 'IsWindowEnabled': 1,
 'IsWindowVisible': 1,
 'hwnd': 65794,
 'minimized': 0,
 'next': 0,
 'preferredOrder': 999,
 'rectangle': (0, 0, 1600, 828),
 'title': 'Program Manager',
 'zIndex': 113}
Only in list 2: {'GetWindowText': '',
 'IsForegroundWindow': False,
 'IsWindowEnabled': 1,
 'IsWindowVisible': 1,
 'hwnd': 65706,
 'minimized': 0,
 'next': 131446,
 'preferredOrder': 999,
 'rectangle': (0, 788, 1600, 828),
 'title': '',
 'zIndex': 101}
Only in list 2: {'GetWindowText': 'Settings',
 'IsForegroundWindow': False,
 'IsWindowEnabled': 1,
 'IsWindowVisible': 1,
 'hwnd': 66574,
 'minimized': 0,
 'next': 132114,
 'preferredOrder': 999,
 'rectangle': (0, 32, 800, 632),
 'title': 'Settings',
 'zIndex': 40}
Only in list 2: {'GetWindowText': 'Settings',
 'IsForegroundWindow': False,
 'IsWindowEnabled': 1,
 'IsWindowVisible': 1,
 'hwnd': 196782,
 'minimized': 0,
 'next': 459748,
 'preferredOrder': 999,
 'rectangle': (-7, 46, 809, 686),
 'title': 'Settings',
 'zIndex': 44}
Only in list 2: {'GetWindowText': 'source',
 'IsForegroundWindow': False,
 'IsWindowEnabled': 1,
 'IsWindowVisible': 1,
 'hwnd': 196976,
 'minimized': 0,
 'next': 66576,
 'preferredOrder': 999,
 'rectangle': (0, 2, 894, 683),
 'title': 'source',
 'zIndex': 38}
Only in list 2: {'GetWindowText': 'Transparent Window',
 'IsForegroundWindow': True,
 'IsWindowEnabled': 1,
 'IsWindowVisible': 1,
 'hwnd': 1901326,
 'minimized': 0,
 'next': 65982,
 'preferredOrder': 6,
 'rectangle': (0, 0, 1600, 828),
 'title': 'Transparent Window',
 'zIndex': 5}
Only in list 2: {'GetWindowText': '',
 'IsForegroundWindow': False,
 'IsWindowEnabled': 1,
 'IsWindowVisible': 1,
 'hwnd': 65884,
 'minimized': 0,
 'next': 66378,
 'preferredOrder': 999,
 'rectangle': (0, 0, 0, 0),
 'title': '',
 'zIndex': 76}
	
2017-03-10 13:25:50,292:DEBUG	4472-MainThread	blockKeys.py	26	Caught key down: Numpad1	
2017-03-10 13:25:50,368:DEBUG	4472-MainThread	blockKeys.py	26	Caught key down: Numpad2	
2017-03-10 13:25:50,447:DEBUG	4472-MainThread	blockKeys.py	29	Caught key up: Numpad1	
2017-03-10 13:25:50,447:DEBUG	4472-MainThread	blockKeys.py	26	Caught key down: Numpad3	
2017-03-10 13:25:50,572:DEBUG	4472-MainThread	blockKeys.py	26	Caught key down: Numpad4	
2017-03-10 13:25:50,604:DEBUG	4472-MainThread	blockKeys.py	29	Caught key up: Numpad2	
2017-03-10 13:25:50,618:DEBUG	4472-MainThread	blockKeys.py	29	Caught key up: Numpad3	
2017-03-10 13:25:50,713:DEBUG	4472-MainThread	blockKeys.py	26	Caught key down: Return	
2017-03-10 13:25:50,729:DEBUG	4472-MainThread	screenlockApp.py	144	main loop exited	
2017-03-10 13:25:50,729:DEBUG	4472-MainThread	screenlockApp.py	150	frame controller signaled stop	
2017-03-10 13:25:51,026:ERROR	2728-Thread-1	screenlockForegrounder.py	162	Couldn't set NOT topmost 1901326	
2017-03-10 13:25:51,026:DEBUG	2728-Thread-1	screenlockForegrounder.py	55	foregrounder over	
2017-03-10 13:25:51,042:DEBUG	4472-MainThread	screenlockApp.py	156	frame controller exited	
2017-03-10 13:25:51,042:DEBUG	4472-MainThread	screenlockApp.py	158	1	
2017-03-10 13:25:51,042:DEBUG	4472-MainThread	screenlockApp.py	159	[<_MainThread(MainThread, started 4472)>]	
2017-03-10 13:25:51,042:ERROR	4472-MainThread	screenlockApp.py	164	Could not destroy frame: <type 'exceptions.Exception'>	
2017-03-10 13:25:51,042:DEBUG	4472-MainThread	screenlockApp.py	166	Exiting normally	
