2017-03-10 13:45:05,548:DEBUG	2540-MainThread	screenlockApp.py	36	 screenlockApp: Starting	
2017-03-10 13:45:05,601:DEBUG	2540-MainThread	blockKeys.py	10	blocking keys	
2017-03-10 13:45:05,618:DEBUG	5488-Thread-1	screenlockForegrounder.py	117	win1 length: 0, win2 length: 5	
2017-03-10 13:45:05,635:DEBUG	5488-Thread-1	screenlockForegrounder.py	118	Only in list 2: {'GetWindowText': 'Transparent Window',
 'IsForegroundWindow': True,
 'IsWindowEnabled': 1,
 'IsWindowVisible': 1,
 'hwnd': 918210,
 'minimized': 0,
 'next': 65984,
 'preferredOrder': 6,
 'rectangle': (0, 0, 1600, 828),
 'title': 'Transparent Window',
 'zIndex': 5}
Only in list 2: {'GetWindowText': 'Program Manager',
 'IsForegroundWindow': False,
 'IsWindowEnabled': 1,
 'IsWindowVisible': 1,
 'hwnd': 65804,
 'minimized': 0,
 'next': 0,
 'preferredOrder': 999,
 'rectangle': (0, 0, 1600, 828),
 'title': 'Program Manager',
 'zIndex': 88}
Only in list 2: {'GetWindowText': '',
 'IsForegroundWindow': False,
 'IsWindowEnabled': 1,
 'IsWindowVisible': 1,
 'hwnd': 65886,
 'minimized': 0,
 'next': 65880,
 'preferredOrder': 999,
 'rectangle': (0, 0, 0, 0),
 'title': '',
 'zIndex': 56}
Only in list 2: {'GetWindowText': 'Command Prompt - python  screenlockApp.py',
 'IsForegroundWindow': False,
 'IsWindowEnabled': 1,
 'IsWindowVisible': 1,
 'hwnd': 131614,
 'minimized': 0,
 'next': 655860,
 'preferredOrder': 999,
 'rectangle': (182, 182, 1175, 701),
 'title': 'Command Prompt - python  screenlockApp.py',
 'zIndex': 24}
Only in list 2: {'GetWindowText': '',
 'IsForegroundWindow': False,
 'IsWindowEnabled': 1,
 'IsWindowVisible': 1,
 'hwnd': 65706,
 'minimized': 0,
 'next': 65766,
 'preferredOrder': 999,
 'rectangle': (0, 788, 1600, 828),
 'title': '',
 'zIndex': 77}
	
2017-03-10 13:45:08,282:DEBUG	2540-MainThread	blockKeys.py	26	Caught key down: Numpad1	
2017-03-10 13:45:08,388:DEBUG	2540-MainThread	blockKeys.py	26	Caught key down: Numpad2	
2017-03-10 13:45:08,440:DEBUG	2540-MainThread	blockKeys.py	29	Caught key up: Numpad1	
2017-03-10 13:45:08,476:DEBUG	2540-MainThread	blockKeys.py	26	Caught key down: Numpad3	
2017-03-10 13:45:08,546:DEBUG	2540-MainThread	blockKeys.py	29	Caught key up: Numpad2	
2017-03-10 13:45:08,615:DEBUG	2540-MainThread	blockKeys.py	26	Caught key down: Numpad4	
2017-03-10 13:45:08,651:DEBUG	2540-MainThread	blockKeys.py	29	Caught key up: Numpad3	
2017-03-10 13:45:08,756:DEBUG	2540-MainThread	blockKeys.py	26	Caught key down: Return	
2017-03-10 13:45:08,773:DEBUG	2540-MainThread	screenlockApp.py	157	main loop exited	
2017-03-10 13:45:08,773:DEBUG	2540-MainThread	screenlockApp.py	163	frame controller signaled stop	
2017-03-10 13:45:09,105:ERROR	5488-Thread-1	screenlockForegrounder.py	162	Couldn't set NOT topmost 918210	
2017-03-10 13:45:09,105:DEBUG	5488-Thread-1	screenlockForegrounder.py	55	foregrounder over	
2017-03-10 13:45:09,141:DEBUG	2540-MainThread	screenlockApp.py	169	frame controller exited	
2017-03-10 13:45:09,141:DEBUG	2540-MainThread	screenlockApp.py	171	1	
2017-03-10 13:45:09,141:DEBUG	2540-MainThread	screenlockApp.py	172	[<_MainThread(MainThread, started 2540)>]	
2017-03-10 13:45:09,141:ERROR	2540-MainThread	screenlockApp.py	177	Could not destroy frame: <type 'exceptions.Exception'>	
2017-03-10 13:45:09,141:DEBUG	2540-MainThread	screenlockApp.py	179	Exiting normally	
