2017-03-10 13:47:59,734:DEBUG	5944-MainThread	screenlockApp.py	36	 screenlockApp: Starting	
2017-03-10 13:47:59,779:DEBUG	5944-MainThread	blockKeys.py	10	blocking keys	
2017-03-10 13:47:59,779:DEBUG	3692-Thread-1	screenlockForegrounder.py	117	win1 length: 0, win2 length: 6	
2017-03-10 13:47:59,779:DEBUG	3692-Thread-1	screenlockForegrounder.py	118	Only in list 2: {'GetWindowText': '',
 'IsForegroundWindow': False,
 'IsWindowEnabled': 1,
 'IsWindowVisible': 1,
 'hwnd': 262956,
 'minimized': 0,
 'next': 655860,
 'preferredOrder': 999,
 'rectangle': (0, 0, 640, 440),
 'title': '',
 'zIndex': 26}
Only in list 2: {'GetWindowText': 'Transparent Window',
 'IsForegroundWindow': True,
 'IsWindowEnabled': 1,
 'IsWindowVisible': 1,
 'hwnd': 1180202,
 'minimized': 0,
 'next': 65984,
 'preferredOrder': 6,
 'rectangle': (0, 0, 640, 480),
 'title': 'Transparent Window',
 'zIndex': 5}
Only in list 2: {'GetWindowText': 'Program Manager',
 'IsForegroundWindow': False,
 'IsWindowEnabled': 1,
 'IsWindowVisible': 1,
 'hwnd': 65804,
 'minimized': 0,
 'next': 0,
 'preferredOrder': 999,
 'rectangle': (0, 0, 640, 480),
 'title': 'Program Manager',
 'zIndex': 90}
Only in list 2: {'GetWindowText': 'Command Prompt - python  screenlockApp.py',
 'IsForegroundWindow': False,
 'IsWindowEnabled': 1,
 'IsWindowVisible': 1,
 'hwnd': 131614,
 'minimized': 0,
 'next': 328204,
 'preferredOrder': 999,
 'rectangle': (-6, 1, 646, 446),
 'title': 'Command Prompt - python  screenlockApp.py',
 'zIndex': 24}
Only in list 2: {'GetWindowText': '',
 'IsForegroundWindow': False,
 'IsWindowEnabled': 1,
 'IsWindowVisible': 1,
 'hwnd': 65706,
 'minimized': 0,
 'next': 65782,
 'preferredOrder': 999,
 'rectangle': (0, 440, 640, 480),
 'title': '',
 'zIndex': 79}
Only in list 2: {'GetWindowText': '',
 'IsForegroundWindow': False,
 'IsWindowEnabled': 1,
 'IsWindowVisible': 1,
 'hwnd': 65886,
 'minimized': 0,
 'next': 65880,
 'preferredOrder': 999,
 'rectangle': (0, 0, 0, 0),
 'title': '',
 'zIndex': 58}
	
2017-03-10 13:48:01,773:DEBUG	5944-MainThread	blockKeys.py	26	Caught key down: Numpad1	
2017-03-10 13:48:01,890:DEBUG	5944-MainThread	blockKeys.py	26	Caught key down: Numpad2	
2017-03-10 13:48:01,918:DEBUG	5944-MainThread	blockKeys.py	29	Caught key up: Numpad1	
2017-03-10 13:48:01,947:DEBUG	5944-MainThread	blockKeys.py	26	Caught key down: Numpad3	
2017-03-10 13:48:02,065:DEBUG	5944-MainThread	blockKeys.py	26	Caught key down: Numpad4	
2017-03-10 13:48:02,092:DEBUG	5944-MainThread	blockKeys.py	29	Caught key up: Numpad2	
2017-03-10 13:48:02,092:DEBUG	5944-MainThread	blockKeys.py	29	Caught key up: Numpad3	
2017-03-10 13:48:02,165:DEBUG	5944-MainThread	blockKeys.py	26	Caught key down: Return	
2017-03-10 13:48:02,180:DEBUG	5944-MainThread	screenlockApp.py	157	main loop exited	
2017-03-10 13:48:02,180:DEBUG	5944-MainThread	screenlockApp.py	163	frame controller signaled stop	
2017-03-10 13:48:07,198:DEBUG	5944-MainThread	screenlockApp.py	169	frame controller exited	
2017-03-10 13:48:07,198:DEBUG	5944-MainThread	screenlockApp.py	171	2	
2017-03-10 13:48:07,198:DEBUG	5944-MainThread	screenlockApp.py	172	[<_MainThread(MainThread, started 5944)>, <ControlFrameThread(Thread-1, started 3692)>]	
2017-03-10 13:48:07,198:ERROR	5944-MainThread	screenlockApp.py	177	Could not destroy frame: <type 'exceptions.Exception'>	
2017-03-10 13:48:07,198:DEBUG	5944-MainThread	screenlockApp.py	179	Exiting normally	
