2017-03-10 13:34:02,516:DEBUG	4500-MainThread	screenlockApp.py	36	 screenlockApp: Starting	
2017-03-10 13:34:02,548:DEBUG	4500-MainThread	blockKeys.py	10	blocking keys	
2017-03-10 13:34:02,581:DEBUG	3688-Thread-1	screenlockForegrounder.py	117	win1 length: 0, win2 length: 6	
2017-03-10 13:34:02,581:DEBUG	3688-Thread-1	screenlockForegrounder.py	118	Only in list 2: {'GetWindowText': 'Program Manager',
 'IsForegroundWindow': False,
 'IsWindowEnabled': 1,
 'IsWindowVisible': 1,
 'hwnd': 65794,
 'minimized': 0,
 'next': 0,
 'preferredOrder': 999,
 'rectangle': (0, 0, 1600, 828),
 'title': 'Program Manager',
 'zIndex': 91}
Only in list 2: {'GetWindowText': 'Transparent Window',
 'IsForegroundWindow': True,
 'IsWindowEnabled': 1,
 'IsWindowVisible': 1,
 'hwnd': 197028,
 'minimized': 0,
 'next': 66004,
 'preferredOrder': 6,
 'rectangle': (0, 0, 1600, 828),
 'title': 'Transparent Window',
 'zIndex': 5}
Only in list 2: {'GetWindowText': '',
 'IsForegroundWindow': False,
 'IsWindowEnabled': 1,
 'IsWindowVisible': 1,
 'hwnd': 65702,
 'minimized': 0,
 'next': 131230,
 'preferredOrder': 999,
 'rectangle': (0, 788, 1600, 828),
 'title': '',
 'zIndex': 79}
Only in list 2: {'GetWindowText': 'Command Prompt - python  screenlockApp.py',
 'IsForegroundWindow': False,
 'IsWindowEnabled': 1,
 'IsWindowVisible': 1,
 'hwnd': 131766,
 'minimized': 0,
 'next': 196768,
 'preferredOrder': 999,
 'rectangle': (182, 182, 1175, 701),
 'title': 'Command Prompt - python  screenlockApp.py',
 'zIndex': 25}
Only in list 2: {'GetWindowText': 'Windows Shell Experience Host',
 'IsForegroundWindow': False,
 'IsWindowEnabled': 1,
 'IsWindowVisible': 1,
 'hwnd': 131128,
 'minimized': 0,
 'next': 196696,
 'preferredOrder': 999,
 'rectangle': (1, 1, 1, 1),
 'title': 'Windows Shell Experience Host',
 'zIndex': 70}
Only in list 2: {'GetWindowText': '',
 'IsForegroundWindow': False,
 'IsWindowEnabled': 1,
 'IsWindowVisible': 1,
 'hwnd': 65882,
 'minimized': 0,
 'next': 65876,
 'preferredOrder': 999,
 'rectangle': (0, 0, 0, 0),
 'title': '',
 'zIndex': 57}
	
2017-03-10 13:34:06,157:DEBUG	4500-MainThread	blockKeys.py	26	Caught key down: Numpad1	
2017-03-10 13:34:06,252:DEBUG	4500-MainThread	blockKeys.py	26	Caught key down: Numpad2	
2017-03-10 13:34:06,315:DEBUG	4500-MainThread	blockKeys.py	29	Caught key up: Numpad1	
2017-03-10 13:34:06,315:DEBUG	4500-MainThread	blockKeys.py	26	Caught key down: Numpad3	
2017-03-10 13:34:06,407:DEBUG	4500-MainThread	blockKeys.py	29	Caught key up: Numpad2	
2017-03-10 13:34:06,454:DEBUG	4500-MainThread	blockKeys.py	26	Caught key down: Numpad4	
2017-03-10 13:34:06,486:DEBUG	4500-MainThread	blockKeys.py	29	Caught key up: Numpad3	
2017-03-10 13:34:06,579:DEBUG	4500-MainThread	blockKeys.py	29	Caught key up: Numpad4	
2017-03-10 13:34:06,595:DEBUG	4500-MainThread	blockKeys.py	26	Caught key down: Return	
2017-03-10 13:34:06,595:DEBUG	4500-MainThread	screenlockApp.py	146	main loop exited	
2017-03-10 13:34:06,611:DEBUG	4500-MainThread	screenlockApp.py	152	frame controller signaled stop	
2017-03-10 13:34:06,704:ERROR	3688-Thread-1	screenlockForegrounder.py	162	Couldn't set NOT topmost 197028	
2017-03-10 13:34:06,704:DEBUG	3688-Thread-1	screenlockForegrounder.py	55	foregrounder over	
2017-03-10 13:34:06,720:DEBUG	4500-MainThread	screenlockApp.py	158	frame controller exited	
2017-03-10 13:34:06,720:DEBUG	4500-MainThread	screenlockApp.py	160	1	
2017-03-10 13:34:06,720:DEBUG	4500-MainThread	screenlockApp.py	161	[<_MainThread(MainThread, started 4500)>]	
2017-03-10 13:34:06,720:ERROR	4500-MainThread	screenlockApp.py	166	Could not destroy frame: <type 'exceptions.Exception'>	
2017-03-10 13:34:06,720:DEBUG	4500-MainThread	screenlockApp.py	168	Exiting normally	
