2017-03-10 13:35:39,392:DEBUG	4636-MainThread	screenlockApp.py	36	 screenlockApp: Starting	
2017-03-10 13:35:39,440:DEBUG	4636-MainThread	blockKeys.py	10	blocking keys	
2017-03-10 13:35:39,471:DEBUG	4660-Thread-1	screenlockForegrounder.py	117	win1 length: 0, win2 length: 6	
2017-03-10 13:35:39,487:DEBUG	4660-Thread-1	screenlockForegrounder.py	118	Only in list 2: {'GetWindowText': 'Command Prompt - python  screenlockApp.py',
 'IsForegroundWindow': False,
 'IsWindowEnabled': 1,
 'IsWindowVisible': 1,
 'hwnd': 131808,
 'minimized': 0,
 'next': 131840,
 'preferredOrder': 999,
 'rectangle': (26, 26, 1019, 545),
 'title': 'Command Prompt - python  screenlockApp.py',
 'zIndex': 25}
Only in list 2: {'GetWindowText': 'Transparent Window',
 'IsForegroundWindow': True,
 'IsWindowEnabled': 1,
 'IsWindowVisible': 1,
 'hwnd': 131338,
 'minimized': 0,
 'next': 66014,
 'preferredOrder': 6,
 'rectangle': (0, 0, 1600, 828),
 'title': 'Transparent Window',
 'zIndex': 5}
Only in list 2: {'GetWindowText': '',
 'IsForegroundWindow': False,
 'IsWindowEnabled': 1,
 'IsWindowVisible': 1,
 'hwnd': 65708,
 'minimized': 0,
 'next': 65766,
 'preferredOrder': 999,
 'rectangle': (0, 788, 1600, 828),
 'title': '',
 'zIndex': 79}
Only in list 2: {'GetWindowText': 'Program Manager',
 'IsForegroundWindow': False,
 'IsWindowEnabled': 1,
 'IsWindowVisible': 1,
 'hwnd': 65806,
 'minimized': 0,
 'next': 0,
 'preferredOrder': 999,
 'rectangle': (0, 0, 1600, 828),
 'title': 'Program Manager',
 'zIndex': 90}
Only in list 2: {'GetWindowText': 'Windows Shell Experience Host',
 'IsForegroundWindow': False,
 'IsWindowEnabled': 1,
 'IsWindowVisible': 1,
 'hwnd': 196656,
 'minimized': 0,
 'next': 458784,
 'preferredOrder': 999,
 'rectangle': (1, 1, 1, 1),
 'title': 'Windows Shell Experience Host',
 'zIndex': 68}
Only in list 2: {'GetWindowText': '',
 'IsForegroundWindow': False,
 'IsWindowEnabled': 1,
 'IsWindowVisible': 1,
 'hwnd': 65876,
 'minimized': 0,
 'next': 65870,
 'preferredOrder': 999,
 'rectangle': (0, 0, 0, 0),
 'title': '',
 'zIndex': 56}
	
2017-03-10 13:35:42,065:DEBUG	4636-MainThread	blockKeys.py	26	Caught key down: Numpad1	
2017-03-10 13:35:42,174:DEBUG	4636-MainThread	blockKeys.py	29	Caught key up: Numpad1	
2017-03-10 13:35:42,283:DEBUG	4636-MainThread	blockKeys.py	26	Caught key down: Numpad2	
2017-03-10 13:35:42,424:DEBUG	4636-MainThread	blockKeys.py	29	Caught key up: Numpad2	
2017-03-10 13:35:42,486:DEBUG	4636-MainThread	blockKeys.py	26	Caught key down: Numpad3	
2017-03-10 13:35:42,628:DEBUG	4636-MainThread	blockKeys.py	29	Caught key up: Numpad3	
2017-03-10 13:35:42,674:DEBUG	4636-MainThread	blockKeys.py	26	Caught key down: Numpad4	
2017-03-10 13:35:42,815:DEBUG	4636-MainThread	blockKeys.py	29	Caught key up: Numpad4	
2017-03-10 13:35:42,908:DEBUG	4636-MainThread	blockKeys.py	26	Caught key down: Return	
2017-03-10 13:35:42,924:DEBUG	4636-MainThread	screenlockApp.py	146	main loop exited	
2017-03-10 13:35:42,924:DEBUG	4636-MainThread	screenlockApp.py	152	frame controller signaled stop	
2017-03-10 13:35:43,144:ERROR	4660-Thread-1	screenlockForegrounder.py	162	Couldn't set NOT topmost 131338	
2017-03-10 13:35:43,144:DEBUG	4660-Thread-1	screenlockForegrounder.py	55	foregrounder over	
2017-03-10 13:35:43,206:DEBUG	4636-MainThread	screenlockApp.py	158	frame controller exited	
2017-03-10 13:35:43,206:DEBUG	4636-MainThread	screenlockApp.py	160	1	
2017-03-10 13:35:43,206:DEBUG	4636-MainThread	screenlockApp.py	161	[<_MainThread(MainThread, started 4636)>]	
2017-03-10 13:35:43,206:ERROR	4636-MainThread	screenlockApp.py	166	Could not destroy frame: <type 'exceptions.Exception'>	
2017-03-10 13:35:43,206:DEBUG	4636-MainThread	screenlockApp.py	168	Exiting normally	
