2017-03-10 13:39:43,276:DEBUG	4660-MainThread	screenlockApp.py	36	 screenlockApp: Starting	
2017-03-10 13:39:43,315:DEBUG	4660-MainThread	blockKeys.py	10	blocking keys	
2017-03-10 13:39:43,332:DEBUG	4684-Thread-1	screenlockForegrounder.py	117	win1 length: 0, win2 length: 6	
2017-03-10 13:39:43,332:DEBUG	4684-Thread-1	screenlockForegrounder.py	118	Only in list 2: {'GetWindowText': '',
 'IsForegroundWindow': False,
 'IsWindowEnabled': 1,
 'IsWindowVisible': 1,
 'hwnd': 65706,
 'minimized': 0,
 'next': 65766,
 'preferredOrder': 999,
 'rectangle': (0, 788, 1600, 828),
 'title': '',
 'zIndex': 77}
Only in list 2: {'GetWindowText': 'Program Manager',
 'IsForegroundWindow': False,
 'IsWindowEnabled': 1,
 'IsWindowVisible': 1,
 'hwnd': 65804,
 'minimized': 0,
 'next': 0,
 'preferredOrder': 999,
 'rectangle': (0, 0, 1600, 828),
 'title': 'Program Manager',
 'zIndex': 88}
Only in list 2: {'GetWindowText': 'Command Prompt - python  screenlockApp.py',
 'IsForegroundWindow': False,
 'IsWindowEnabled': 1,
 'IsWindowVisible': 1,
 'hwnd': 131614,
 'minimized': 0,
 'next': 131848,
 'preferredOrder': 999,
 'rectangle': (182, 182, 1175, 701),
 'title': 'Command Prompt - python  screenlockApp.py',
 'zIndex': 24}
Only in list 2: {'GetWindowText': 'Windows Shell Experience Host',
 'IsForegroundWindow': False,
 'IsWindowEnabled': 1,
 'IsWindowVisible': 1,
 'hwnd': 131160,
 'minimized': 0,
 'next': 196656,
 'preferredOrder': 999,
 'rectangle': (1, 1, 1, 1),
 'title': 'Windows Shell Experience Host',
 'zIndex': 67}
Only in list 2: {'GetWindowText': 'Transparent Window',
 'IsForegroundWindow': True,
 'IsWindowEnabled': 1,
 'IsWindowVisible': 1,
 'hwnd': 131582,
 'minimized': 0,
 'next': 65984,
 'preferredOrder': 6,
 'rectangle': (0, 0, 1600, 828),
 'title': 'Transparent Window',
 'zIndex': 5}
Only in list 2: {'GetWindowText': '',
 'IsForegroundWindow': False,
 'IsWindowEnabled': 1,
 'IsWindowVisible': 1,
 'hwnd': 65886,
 'minimized': 0,
 'next': 65880,
 'preferredOrder': 999,
 'rectangle': (0, 0, 0, 0),
 'title': '',
 'zIndex': 54}
	
2017-03-10 13:40:12,240:DEBUG	4684-Thread-1	screenlockForegrounder.py	117	win1 length: 6, win2 length: 6	
2017-03-10 13:40:12,240:DEBUG	4684-Thread-1	screenlockForegrounder.py	118	65706 zIndex: (77, 79)
65804 zIndex: (88, 90)
131614 zIndex: (24, 26)
131160 zIndex: (67, 69)
65886 zIndex: (54, 56)
	
2017-03-10 13:41:14,655:DEBUG	4684-Thread-1	screenlockForegrounder.py	117	win1 length: 6, win2 length: 6	
2017-03-10 13:41:14,655:DEBUG	4684-Thread-1	screenlockForegrounder.py	118	65706 zIndex: (79, 77)
65804 zIndex: (90, 88)
131160 zIndex: (69, 67)
65886 zIndex: (56, 54)
	
2017-03-10 13:41:57,673:DEBUG	4660-MainThread	blockKeys.py	26	Caught key down: Numpad1	
2017-03-10 13:41:57,795:DEBUG	4660-MainThread	blockKeys.py	26	Caught key down: Numpad2	
2017-03-10 13:41:57,846:DEBUG	4660-MainThread	blockKeys.py	29	Caught key up: Numpad1	
2017-03-10 13:41:57,934:DEBUG	4660-MainThread	blockKeys.py	26	Caught key down: Numpad3	
2017-03-10 13:41:57,986:DEBUG	4660-MainThread	blockKeys.py	29	Caught key up: Numpad2	
2017-03-10 13:41:58,073:DEBUG	4660-MainThread	blockKeys.py	26	Caught key down: Numpad4	
2017-03-10 13:41:58,127:DEBUG	4660-MainThread	blockKeys.py	29	Caught key up: Numpad3	
2017-03-10 13:41:58,249:DEBUG	4660-MainThread	blockKeys.py	29	Caught key up: Numpad4	
2017-03-10 13:41:58,249:DEBUG	4660-MainThread	blockKeys.py	26	Caught key down: Return	
2017-03-10 13:41:58,249:DEBUG	4660-MainThread	screenlockApp.py	154	main loop exited	
2017-03-10 13:41:58,249:DEBUG	4660-MainThread	screenlockApp.py	160	frame controller signaled stop	
2017-03-10 13:41:58,667:ERROR	4684-Thread-1	screenlockForegrounder.py	162	Couldn't set NOT topmost 131582	
2017-03-10 13:41:58,667:DEBUG	4684-Thread-1	screenlockForegrounder.py	55	foregrounder over	
2017-03-10 13:41:58,701:DEBUG	4660-MainThread	screenlockApp.py	166	frame controller exited	
2017-03-10 13:41:58,701:DEBUG	4660-MainThread	screenlockApp.py	168	1	
2017-03-10 13:41:58,701:DEBUG	4660-MainThread	screenlockApp.py	169	[<_MainThread(MainThread, started 4660)>]	
2017-03-10 13:41:58,701:ERROR	4660-MainThread	screenlockApp.py	174	Could not destroy frame: <type 'exceptions.Exception'>	
2017-03-10 13:41:58,701:DEBUG	4660-MainThread	screenlockApp.py	176	Exiting normally	
