2017-03-10 13:34:14,736:DEBUG	1988-MainThread	screenlockApp.py	36	 screenlockApp: Starting	
2017-03-10 13:34:14,782:DEBUG	1988-MainThread	blockKeys.py	10	blocking keys	
2017-03-10 13:34:14,782:DEBUG	1140-Thread-1	screenlockForegrounder.py	117	win1 length: 0, win2 length: 6	
2017-03-10 13:34:14,782:DEBUG	1140-Thread-1	screenlockForegrounder.py	118	Only in list 2: {'GetWindowText': 'Program Manager',
 'IsForegroundWindow': False,
 'IsWindowEnabled': 1,
 'IsWindowVisible': 1,
 'hwnd': 65794,
 'minimized': 0,
 'next': 0,
 'preferredOrder': 999,
 'rectangle': (0, 0, 1600, 828),
 'title': 'Program Manager',
 'zIndex': 91}
Only in list 2: {'GetWindowText': '',
 'IsForegroundWindow': False,
 'IsWindowEnabled': 1,
 'IsWindowVisible': 1,
 'hwnd': 65702,
 'minimized': 0,
 'next': 65762,
 'preferredOrder': 999,
 'rectangle': (0, 788, 1600, 828),
 'title': '',
 'zIndex': 79}
Only in list 2: {'GetWindowText': 'Transparent Window',
 'IsForegroundWindow': True,
 'IsWindowEnabled': 1,
 'IsWindowVisible': 1,
 'hwnd': 328038,
 'minimized': 0,
 'next': 66004,
 'preferredOrder': 6,
 'rectangle': (0, 0, 1600, 828),
 'title': 'Transparent Window',
 'zIndex': 5}
Only in list 2: {'GetWindowText': 'Command Prompt - python  screenlockApp.py',
 'IsForegroundWindow': False,
 'IsWindowEnabled': 1,
 'IsWindowVisible': 1,
 'hwnd': 131766,
 'minimized': 0,
 'next': 196768,
 'preferredOrder': 999,
 'rectangle': (182, 182, 1175, 701),
 'title': 'Command Prompt - python  screenlockApp.py',
 'zIndex': 25}
Only in list 2: {'GetWindowText': 'Windows Shell Experience Host',
 'IsForegroundWindow': False,
 'IsWindowEnabled': 1,
 'IsWindowVisible': 1,
 'hwnd': 131128,
 'minimized': 0,
 'next': 196696,
 'preferredOrder': 999,
 'rectangle': (1, 1, 1, 1),
 'title': 'Windows Shell Experience Host',
 'zIndex': 70}
Only in list 2: {'GetWindowText': '',
 'IsForegroundWindow': False,
 'IsWindowEnabled': 1,
 'IsWindowVisible': 1,
 'hwnd': 65882,
 'minimized': 0,
 'next': 65876,
 'preferredOrder': 999,
 'rectangle': (0, 0, 0, 0),
 'title': '',
 'zIndex': 57}
	
2017-03-10 13:34:17,924:DEBUG	1988-MainThread	blockKeys.py	26	Caught key down: Numpad1	
2017-03-10 13:34:18,016:DEBUG	1988-MainThread	blockKeys.py	26	Caught key down: Numpad2	
2017-03-10 13:34:18,079:DEBUG	1988-MainThread	blockKeys.py	26	Caught key down: Numpad3	
2017-03-10 13:34:18,111:DEBUG	1988-MainThread	blockKeys.py	29	Caught key up: Numpad1	
2017-03-10 13:34:18,174:DEBUG	1988-MainThread	blockKeys.py	29	Caught key up: Numpad2	
2017-03-10 13:34:18,252:DEBUG	1988-MainThread	blockKeys.py	26	Caught key down: Numpad4	
2017-03-10 13:34:18,266:DEBUG	1988-MainThread	blockKeys.py	29	Caught key up: Numpad3	
2017-03-10 13:34:18,345:DEBUG	1988-MainThread	blockKeys.py	26	Caught key down: Return	
2017-03-10 13:34:18,391:DEBUG	1988-MainThread	blockKeys.py	29	Caught key up: Numpad4	
2017-03-10 13:34:18,486:DEBUG	1988-MainThread	blockKeys.py	29	Caught key up: Return	
2017-03-10 13:34:20,986:DEBUG	1140-Thread-1	screenlockForegrounder.py	117	win1 length: 6, win2 length: 7	
2017-03-10 13:34:20,986:DEBUG	1140-Thread-1	screenlockForegrounder.py	118	65794 zIndex: (91, 94)
65702 zIndex: (79, 82)
328038 IsForegroundWindow: (True, False)
131766 zIndex: (25, 28)
131128 zIndex: (70, 73)
65882 zIndex: (57, 60)
Only in list 2: {'GetWindowText': 'Java Update Needed',
 'IsForegroundWindow': True,
 'IsWindowEnabled': 1,
 'IsWindowVisible': 1,
 'hwnd': 196644,
 'minimized': 0,
 'next': 590598,
 'preferredOrder': 999,
 'rectangle': (544, 213, 1050, 522),
 'title': 'Java Update Needed',
 'zIndex': 24}
	
2017-03-10 13:34:23,063:DEBUG	1140-Thread-1	screenlockForegrounder.py	117	win1 length: 7, win2 length: 7	
2017-03-10 13:34:23,063:DEBUG	1140-Thread-1	screenlockForegrounder.py	118	196644 IsForegroundWindow: (True, False)
328038 IsForegroundWindow: (False, True)
	
2017-03-10 13:34:23,611:DEBUG	1988-MainThread	blockKeys.py	26	Caught key down: Lmenu	
2017-03-10 13:34:23,752:DEBUG	1988-MainThread	blockKeys.py	26	Caught key down: Tab	
2017-03-10 13:34:23,938:DEBUG	1988-MainThread	blockKeys.py	29	Caught key up: Tab	
2017-03-10 13:34:24,017:DEBUG	1988-MainThread	blockKeys.py	29	Caught key up: Lmenu	
2017-03-10 13:34:27,423:DEBUG	1988-MainThread	blockKeys.py	26	Caught key down: Tab	
2017-03-10 13:34:27,595:DEBUG	1988-MainThread	blockKeys.py	29	Caught key up: Tab	
2017-03-10 13:34:27,799:DEBUG	1988-MainThread	blockKeys.py	26	Caught key down: Tab	
2017-03-10 13:34:27,923:DEBUG	1988-MainThread	blockKeys.py	29	Caught key up: Tab	
2017-03-10 13:34:28,032:DEBUG	1988-MainThread	blockKeys.py	26	Caught key down: Tab	
2017-03-10 13:34:28,141:DEBUG	1988-MainThread	blockKeys.py	29	Caught key up: Tab	
2017-03-10 13:34:34,313:DEBUG	1988-MainThread	blockKeys.py	26	Caught key down: Lmenu	
2017-03-10 13:34:34,329:DEBUG	1988-MainThread	blockKeys.py	26	Caught key down: Lcontrol	
2017-03-10 13:34:34,704:DEBUG	1988-MainThread	blockKeys.py	26	Caught key down: T	
2017-03-10 13:34:34,861:DEBUG	1988-MainThread	blockKeys.py	29	Caught key up: T	
2017-03-10 13:34:34,938:DEBUG	1988-MainThread	blockKeys.py	29	Caught key up: Lcontrol	
2017-03-10 13:34:35,003:DEBUG	1988-MainThread	blockKeys.py	29	Caught key up: Lmenu	
2017-03-10 13:34:35,644:DEBUG	1988-MainThread	blockKeys.py	26	Caught key down: Lcontrol	
2017-03-10 13:34:35,657:DEBUG	1988-MainThread	blockKeys.py	26	Caught key down: Lmenu	
2017-03-10 13:34:35,766:DEBUG	1988-MainThread	blockKeys.py	26	Caught key down: T	
2017-03-10 13:34:35,877:DEBUG	1988-MainThread	blockKeys.py	29	Caught key up: T	
2017-03-10 13:34:36,017:DEBUG	1988-MainThread	blockKeys.py	26	Caught key down: T	
2017-03-10 13:34:36,128:DEBUG	1988-MainThread	blockKeys.py	29	Caught key up: T	
2017-03-10 13:34:36,236:DEBUG	1988-MainThread	blockKeys.py	26	Caught key down: T	
2017-03-10 13:34:36,298:DEBUG	1988-MainThread	blockKeys.py	29	Caught key up: T	
2017-03-10 13:34:36,611:DEBUG	1988-MainThread	blockKeys.py	29	Caught key up: Lcontrol	
2017-03-10 13:34:36,657:DEBUG	1988-MainThread	blockKeys.py	29	Caught key up: Lmenu	
2017-03-10 13:34:37,391:DEBUG	1988-MainThread	blockKeys.py	26	Caught key down: Lmenu	
2017-03-10 13:34:37,423:DEBUG	1988-MainThread	blockKeys.py	26	Caught key down: Lcontrol	
2017-03-10 13:34:37,532:DEBUG	1988-MainThread	blockKeys.py	26	Caught key down: T	
2017-03-10 13:34:37,688:DEBUG	1988-MainThread	blockKeys.py	29	Caught key up: T	
2017-03-10 13:34:37,752:DEBUG	1988-MainThread	blockKeys.py	26	Caught key down: T	
2017-03-10 13:34:37,907:DEBUG	1988-MainThread	blockKeys.py	29	Caught key up: T	
2017-03-10 13:34:37,938:DEBUG	1988-MainThread	blockKeys.py	29	Caught key up: Lcontrol	
2017-03-10 13:34:37,956:DEBUG	1988-MainThread	blockKeys.py	29	Caught key up: Lmenu	
2017-03-10 13:34:41,736:DEBUG	1140-Thread-1	screenlockForegrounder.py	117	win1 length: 7, win2 length: 7	
2017-03-10 13:34:41,736:DEBUG	1140-Thread-1	screenlockForegrounder.py	118	65794 zIndex: (94, 92)
65702 zIndex: (82, 80)
131128 zIndex: (73, 71)
65882 zIndex: (60, 58)
	
