2017-03-10 13:58:04,948:DEBUG	4020-MainThread	screenlockApp.py	36	 screenlockApp: Starting	
2017-03-10 13:58:04,980:DEBUG	4020-MainThread	blockKeys.py	10	blocking keys	
2017-03-10 13:58:05,012:DEBUG	1196-Thread-1	screenlockForegrounder.py	117	win1 length: 0, win2 length: 6	
2017-03-10 13:58:05,012:DEBUG	1196-Thread-1	screenlockForegrounder.py	118	Only in list 2: {'GetWindowText': '',
 'IsForegroundWindow': False,
 'IsWindowEnabled': 1,
 'IsWindowVisible': 1,
 'hwnd': 262956,
 'minimized': 0,
 'next': 655860,
 'preferredOrder': 999,
 'rectangle': (0, 0, 1600, 788),
 'title': '',
 'zIndex': 26}
Only in list 2: {'GetWindowText': '',
 'IsForegroundWindow': False,
 'IsWindowEnabled': 1,
 'IsWindowVisible': 1,
 'hwnd': 65706,
 'minimized': 0,
 'next': 65782,
 'preferredOrder': 999,
 'rectangle': (0, 788, 1600, 828),
 'title': '',
 'zIndex': 79}
Only in list 2: {'GetWindowText': 'Program Manager',
 'IsForegroundWindow': False,
 'IsWindowEnabled': 1,
 'IsWindowVisible': 1,
 'hwnd': 65804,
 'minimized': 0,
 'next': 0,
 'preferredOrder': 999,
 'rectangle': (0, 0, 1600, 828),
 'title': 'Program Manager',
 'zIndex': 90}
Only in list 2: {'GetWindowText': 'Transparent Window',
 'IsForegroundWindow': True,
 'IsWindowEnabled': 1,
 'IsWindowVisible': 1,
 'hwnd': 1966864,
 'minimized': 0,
 'next': 65984,
 'preferredOrder': 6,
 'rectangle': (0, 0, 1600, 828),
 'title': 'Transparent Window',
 'zIndex': 5}
Only in list 2: {'GetWindowText': 'Command Prompt - python  screenlockApp.py',
 'IsForegroundWindow': False,
 'IsWindowEnabled': 1,
 'IsWindowVisible': 1,
 'hwnd': 131614,
 'minimized': 0,
 'next': 328204,
 'preferredOrder': 999,
 'rectangle': (290, 213, 1424, 790),
 'title': 'Command Prompt - python  screenlockApp.py',
 'zIndex': 24}
Only in list 2: {'GetWindowText': '',
 'IsForegroundWindow': False,
 'IsWindowEnabled': 1,
 'IsWindowVisible': 1,
 'hwnd': 65886,
 'minimized': 0,
 'next': 65880,
 'preferredOrder': 999,
 'rectangle': (0, 0, 0, 0),
 'title': '',
 'zIndex': 58}
	
2017-03-10 13:58:06,809:DEBUG	4020-MainThread	blockKeys.py	26	Caught key down: Numpad1	
2017-03-10 13:58:06,934:DEBUG	4020-MainThread	blockKeys.py	26	Caught key down: Numpad2	
2017-03-10 13:58:06,964:DEBUG	4020-MainThread	blockKeys.py	29	Caught key up: Numpad1	
2017-03-10 13:58:06,980:DEBUG	4020-MainThread	blockKeys.py	26	Caught key down: Numpad3	
2017-03-10 13:58:07,105:DEBUG	4020-MainThread	blockKeys.py	26	Caught key down: Numpad4	
2017-03-10 13:58:07,137:DEBUG	4020-MainThread	blockKeys.py	29	Caught key up: Numpad2	
2017-03-10 13:58:07,137:DEBUG	4020-MainThread	blockKeys.py	29	Caught key up: Numpad3	
2017-03-10 13:58:07,260:DEBUG	4020-MainThread	blockKeys.py	29	Caught key up: Numpad4	
2017-03-10 13:58:27,355:DEBUG	4020-MainThread	blockKeys.py	26	Caught key down: Return	
2017-03-10 13:58:27,371:DEBUG	4020-MainThread	screenlockApp.py	155	main loop exited	
2017-03-10 13:58:27,371:DEBUG	4020-MainThread	screenlockApp.py	161	frame controller signaled stop	
2017-03-10 13:58:27,762:ERROR	1196-Thread-1	screenlockForegrounder.py	162	Couldn't set NOT topmost 1966864	
2017-03-10 13:58:27,762:DEBUG	1196-Thread-1	screenlockForegrounder.py	55	foregrounder over	
2017-03-10 13:58:27,823:DEBUG	4020-MainThread	screenlockApp.py	167	frame controller exited	
2017-03-10 13:58:27,823:DEBUG	4020-MainThread	screenlockApp.py	169	1	
2017-03-10 13:58:27,823:DEBUG	4020-MainThread	screenlockApp.py	170	[<_MainThread(MainThread, started 4020)>]	
2017-03-10 13:58:27,823:ERROR	4020-MainThread	screenlockApp.py	175	Could not destroy frame: <type 'exceptions.Exception'>	
2017-03-10 13:58:27,823:DEBUG	4020-MainThread	screenlockApp.py	177	Exiting normally	
