2017-03-10 13:48:49,493:DEBUG	4592-MainThread	screenlockApp.py	36	 screenlockApp: Starting	
2017-03-10 13:48:49,549:DEBUG	4592-MainThread	blockKeys.py	10	blocking keys	
2017-03-10 13:48:49,549:DEBUG	232-Thread-1	screenlockForegrounder.py	117	win1 length: 0, win2 length: 6	
2017-03-10 13:48:49,549:DEBUG	232-Thread-1	screenlockForegrounder.py	118	Only in list 2: {'GetWindowText': '',
 'IsForegroundWindow': False,
 'IsWindowEnabled': 1,
 'IsWindowVisible': 1,
 'hwnd': 262956,
 'minimized': 0,
 'next': 655860,
 'preferredOrder': 999,
 'rectangle': (0, 0, 1600, 788),
 'title': '',
 'zIndex': 26}
Only in list 2: {'GetWindowText': 'Transparent Window',
 'IsForegroundWindow': True,
 'IsWindowEnabled': 1,
 'IsWindowVisible': 1,
 'hwnd': 394026,
 'minimized': 0,
 'next': 65984,
 'preferredOrder': 6,
 'rectangle': (0, 0, 1600, 828),
 'title': 'Transparent Window',
 'zIndex': 5}
Only in list 2: {'GetWindowText': 'Program Manager',
 'IsForegroundWindow': False,
 'IsWindowEnabled': 1,
 'IsWindowVisible': 1,
 'hwnd': 65804,
 'minimized': 0,
 'next': 0,
 'preferredOrder': 999,
 'rectangle': (0, 0, 1600, 828),
 'title': 'Program Manager',
 'zIndex': 90}
Only in list 2: {'GetWindowText': 'Command Prompt - python  screenlockApp.py',
 'IsForegroundWindow': False,
 'IsWindowEnabled': 1,
 'IsWindowVisible': 1,
 'hwnd': 131614,
 'minimized': 0,
 'next': 328204,
 'preferredOrder': 999,
 'rectangle': (290, 213, 942, 658),
 'title': 'Command Prompt - python  screenlockApp.py',
 'zIndex': 24}
Only in list 2: {'GetWindowText': '',
 'IsForegroundWindow': False,
 'IsWindowEnabled': 1,
 'IsWindowVisible': 1,
 'hwnd': 65706,
 'minimized': 0,
 'next': 65766,
 'preferredOrder': 999,
 'rectangle': (0, 788, 1600, 828),
 'title': '',
 'zIndex': 79}
Only in list 2: {'GetWindowText': '',
 'IsForegroundWindow': False,
 'IsWindowEnabled': 1,
 'IsWindowVisible': 1,
 'hwnd': 65886,
 'minimized': 0,
 'next': 65880,
 'preferredOrder': 999,
 'rectangle': (0, 0, 0, 0),
 'title': '',
 'zIndex': 58}
	
2017-03-10 13:48:52,351:DEBUG	4592-MainThread	blockKeys.py	26	Caught key down: Numpad1	
2017-03-10 13:48:52,447:DEBUG	4592-MainThread	blockKeys.py	26	Caught key down: Numpad2	
2017-03-10 13:48:52,505:DEBUG	4592-MainThread	blockKeys.py	29	Caught key up: Numpad1	
2017-03-10 13:48:52,581:DEBUG	4592-MainThread	blockKeys.py	26	Caught key down: Numpad3	
2017-03-10 13:48:52,638:DEBUG	4592-MainThread	blockKeys.py	29	Caught key up: Numpad2	
2017-03-10 13:48:52,734:DEBUG	4592-MainThread	blockKeys.py	26	Caught key down: Numpad4	
2017-03-10 13:48:52,792:DEBUG	4592-MainThread	blockKeys.py	29	Caught key up: Numpad3	
2017-03-10 13:48:52,907:DEBUG	4592-MainThread	blockKeys.py	29	Caught key up: Numpad4	
2017-03-10 13:48:56,259:DEBUG	4592-MainThread	blockKeys.py	26	Caught key down: Return	
2017-03-10 13:48:56,276:DEBUG	4592-MainThread	screenlockApp.py	157	main loop exited	
2017-03-10 13:48:56,276:DEBUG	4592-MainThread	screenlockApp.py	163	frame controller signaled stop	
2017-03-10 13:48:56,293:ERROR	232-Thread-1	screenlockForegrounder.py	162	Couldn't set NOT topmost 394026	
2017-03-10 13:48:56,293:DEBUG	232-Thread-1	screenlockForegrounder.py	55	foregrounder over	
2017-03-10 13:48:56,311:DEBUG	4592-MainThread	screenlockApp.py	169	frame controller exited	
2017-03-10 13:48:56,311:DEBUG	4592-MainThread	screenlockApp.py	171	1	
2017-03-10 13:48:56,311:DEBUG	4592-MainThread	screenlockApp.py	172	[<_MainThread(MainThread, started 4592)>]	
2017-03-10 13:48:56,311:ERROR	4592-MainThread	screenlockApp.py	177	Could not destroy frame: <type 'exceptions.Exception'>	
2017-03-10 13:48:56,311:DEBUG	4592-MainThread	screenlockApp.py	179	Exiting normally	
