2017-03-10 13:31:56,805:DEBUG	1164-MainThread	screenlockApp.py	36	 screenlockApp: Starting	
2017-03-10 13:31:56,852:DEBUG	1164-MainThread	blockKeys.py	10	blocking keys	
2017-03-10 13:31:56,852:DEBUG	4328-Thread-1	screenlockForegrounder.py	117	win1 length: 0, win2 length: 8	
2017-03-10 13:31:56,852:DEBUG	4328-Thread-1	screenlockForegrounder.py	118	Only in list 2: {'GetWindowText': 'Command Prompt - python  screenlockApp.py',
 'IsForegroundWindow': False,
 'IsWindowEnabled': 1,
 'IsWindowVisible': 1,
 'hwnd': 328448,
 'minimized': 0,
 'next': 263174,
 'preferredOrder': 999,
 'rectangle': (463, 60, 1456, 579),
 'title': 'Command Prompt - python  screenlockApp.py',
 'zIndex': 27}
Only in list 2: {'GetWindowText': 'Program Manager',
 'IsForegroundWindow': False,
 'IsWindowEnabled': 1,
 'IsWindowVisible': 1,
 'hwnd': 65794,
 'minimized': 0,
 'next': 0,
 'preferredOrder': 999,
 'rectangle': (0, 0, 1600, 828),
 'title': 'Program Manager',
 'zIndex': 113}
Only in list 2: {'GetWindowText': 'Transparent Window',
 'IsForegroundWindow': True,
 'IsWindowEnabled': 1,
 'IsWindowVisible': 1,
 'hwnd': 1049542,
 'minimized': 0,
 'next': 65982,
 'preferredOrder': 6,
 'rectangle': (0, 0, 1600, 828),
 'title': 'Transparent Window',
 'zIndex': 5}
Only in list 2: {'GetWindowText': '',
 'IsForegroundWindow': False,
 'IsWindowEnabled': 1,
 'IsWindowVisible': 1,
 'hwnd': 65706,
 'minimized': 0,
 'next': 65766,
 'preferredOrder': 999,
 'rectangle': (0, 788, 1600, 828),
 'title': '',
 'zIndex': 101}
Only in list 2: {'GetWindowText': 'Settings',
 'IsForegroundWindow': False,
 'IsWindowEnabled': 1,
 'IsWindowVisible': 1,
 'hwnd': 66574,
 'minimized': 0,
 'next': 132114,
 'preferredOrder': 999,
 'rectangle': (0, 32, 800, 632),
 'title': 'Settings',
 'zIndex': 40}
Only in list 2: {'GetWindowText': 'source',
 'IsForegroundWindow': False,
 'IsWindowEnabled': 1,
 'IsWindowVisible': 1,
 'hwnd': 196976,
 'minimized': 0,
 'next': 66576,
 'preferredOrder': 999,
 'rectangle': (0, 2, 894, 683),
 'title': 'source',
 'zIndex': 38}
Only in list 2: {'GetWindowText': 'Settings',
 'IsForegroundWindow': False,
 'IsWindowEnabled': 1,
 'IsWindowVisible': 1,
 'hwnd': 196782,
 'minimized': 0,
 'next': 459748,
 'preferredOrder': 999,
 'rectangle': (-7, 46, 809, 686),
 'title': 'Settings',
 'zIndex': 44}
Only in list 2: {'GetWindowText': '',
 'IsForegroundWindow': False,
 'IsWindowEnabled': 1,
 'IsWindowVisible': 1,
 'hwnd': 65884,
 'minimized': 0,
 'next': 66378,
 'preferredOrder': 999,
 'rectangle': (0, 0, 0, 0),
 'title': '',
 'zIndex': 76}
	
