2017-03-10 13:42:31,753:DEBUG	4332-MainThread	screenlockApp.py	36	 screenlockApp: Starting	
2017-03-10 13:42:31,779:DEBUG	4332-MainThread	blockKeys.py	10	blocking keys	
2017-03-10 13:42:31,792:DEBUG	4828-Thread-1	screenlockForegrounder.py	117	win1 length: 0, win2 length: 6	
2017-03-10 13:42:31,792:DEBUG	4828-Thread-1	screenlockForegrounder.py	118	Only in list 2: {'GetWindowText': 'Transparent Window',
 'IsForegroundWindow': True,
 'IsWindowEnabled': 1,
 'IsWindowVisible': 1,
 'hwnd': 721608,
 'minimized': 0,
 'next': 65984,
 'preferredOrder': 6,
 'rectangle': (0, 0, 1600, 828),
 'title': 'Transparent Window',
 'zIndex': 5}
Only in list 2: {'GetWindowText': '',
 'IsForegroundWindow': False,
 'IsWindowEnabled': 1,
 'IsWindowVisible': 1,
 'hwnd': 65706,
 'minimized': 0,
 'next': 65766,
 'preferredOrder': 999,
 'rectangle': (0, 788, 1600, 828),
 'title': '',
 'zIndex': 77}
Only in list 2: {'GetWindowText': 'Program Manager',
 'IsForegroundWindow': False,
 'IsWindowEnabled': 1,
 'IsWindowVisible': 1,
 'hwnd': 65804,
 'minimized': 0,
 'next': 0,
 'preferredOrder': 999,
 'rectangle': (0, 0, 1600, 828),
 'title': 'Program Manager',
 'zIndex': 88}
Only in list 2: {'GetWindowText': 'Command Prompt - python  screenlockApp.py',
 'IsForegroundWindow': False,
 'IsWindowEnabled': 1,
 'IsWindowVisible': 1,
 'hwnd': 131614,
 'minimized': 0,
 'next': 131326,
 'preferredOrder': 999,
 'rectangle': (182, 182, 1175, 701),
 'title': 'Command Prompt - python  screenlockApp.py',
 'zIndex': 24}
Only in list 2: {'GetWindowText': 'Windows Shell Experience Host',
 'IsForegroundWindow': False,
 'IsWindowEnabled': 1,
 'IsWindowVisible': 1,
 'hwnd': 131160,
 'minimized': 0,
 'next': 196656,
 'preferredOrder': 999,
 'rectangle': (1, 1, 1, 1),
 'title': 'Windows Shell Experience Host',
 'zIndex': 67}
Only in list 2: {'GetWindowText': '',
 'IsForegroundWindow': False,
 'IsWindowEnabled': 1,
 'IsWindowVisible': 1,
 'hwnd': 65886,
 'minimized': 0,
 'next': 65880,
 'preferredOrder': 999,
 'rectangle': (0, 0, 0, 0),
 'title': '',
 'zIndex': 54}
	
2017-03-10 13:42:33,650:DEBUG	4332-MainThread	blockKeys.py	26	Caught key down: Numpad1	
2017-03-10 13:42:33,739:DEBUG	4332-MainThread	blockKeys.py	26	Caught key down: Numpad2	
2017-03-10 13:42:33,776:DEBUG	4332-MainThread	blockKeys.py	29	Caught key up: Numpad1	
2017-03-10 13:42:33,789:DEBUG	4332-MainThread	blockKeys.py	26	Caught key down: Numpad3	
2017-03-10 13:42:33,891:DEBUG	4332-MainThread	blockKeys.py	26	Caught key down: Numpad4	
2017-03-10 13:42:33,917:DEBUG	4332-MainThread	blockKeys.py	29	Caught key up: Numpad2	
2017-03-10 13:42:33,930:DEBUG	4332-MainThread	blockKeys.py	29	Caught key up: Numpad3	
2017-03-10 13:42:33,993:DEBUG	4332-MainThread	blockKeys.py	26	Caught key down: Return	
2017-03-10 13:42:34,006:DEBUG	4332-MainThread	screenlockApp.py	155	main loop exited	
2017-03-10 13:42:34,006:DEBUG	4332-MainThread	screenlockApp.py	161	frame controller signaled stop	
2017-03-10 13:42:34,323:ERROR	4828-Thread-1	screenlockForegrounder.py	162	Couldn't set NOT topmost 721608	
2017-03-10 13:42:34,323:DEBUG	4828-Thread-1	screenlockForegrounder.py	55	foregrounder over	
2017-03-10 13:42:34,374:DEBUG	4332-MainThread	screenlockApp.py	167	frame controller exited	
2017-03-10 13:42:34,374:DEBUG	4332-MainThread	screenlockApp.py	169	1	
2017-03-10 13:42:34,374:DEBUG	4332-MainThread	screenlockApp.py	170	[<_MainThread(MainThread, started 4332)>]	
2017-03-10 13:42:34,374:ERROR	4332-MainThread	screenlockApp.py	175	Could not destroy frame: <type 'exceptions.Exception'>	
2017-03-10 13:42:34,374:DEBUG	4332-MainThread	screenlockApp.py	177	Exiting normally	
