2017-03-10 13:36:20,002:DEBUG	4960-MainThread	screenlockApp.py	36	 screenlockApp: Starting	
2017-03-10 13:36:20,033:DEBUG	4960-MainThread	blockKeys.py	10	blocking keys	
2017-03-10 13:36:20,065:DEBUG	4988-Thread-1	screenlockForegrounder.py	117	win1 length: 0, win2 length: 6	
2017-03-10 13:36:20,065:DEBUG	4988-Thread-1	screenlockForegrounder.py	118	Only in list 2: {'GetWindowText': 'Command Prompt - python  screenlockApp.py',
 'IsForegroundWindow': False,
 'IsWindowEnabled': 1,
 'IsWindowVisible': 1,
 'hwnd': 131808,
 'minimized': 0,
 'next': 196770,
 'preferredOrder': 999,
 'rectangle': (26, 26, 1019, 545),
 'title': 'Command Prompt - python  screenlockApp.py',
 'zIndex': 25}
Only in list 2: {'GetWindowText': 'Transparent Window',
 'IsForegroundWindow': True,
 'IsWindowEnabled': 1,
 'IsWindowVisible': 1,
 'hwnd': 131430,
 'minimized': 0,
 'next': 66014,
 'preferredOrder': 6,
 'rectangle': (0, 0, 1600, 828),
 'title': 'Transparent Window',
 'zIndex': 5}
Only in list 2: {'GetWindowText': '',
 'IsForegroundWindow': False,
 'IsWindowEnabled': 1,
 'IsWindowVisible': 1,
 'hwnd': 65708,
 'minimized': 0,
 'next': 65784,
 'preferredOrder': 999,
 'rectangle': (0, 788, 1600, 828),
 'title': '',
 'zIndex': 81}
Only in list 2: {'GetWindowText': 'Program Manager',
 'IsForegroundWindow': False,
 'IsWindowEnabled': 1,
 'IsWindowVisible': 1,
 'hwnd': 65806,
 'minimized': 0,
 'next': 0,
 'preferredOrder': 999,
 'rectangle': (0, 0, 1600, 828),
 'title': 'Program Manager',
 'zIndex': 92}
Only in list 2: {'GetWindowText': 'Windows Shell Experience Host',
 'IsForegroundWindow': False,
 'IsWindowEnabled': 1,
 'IsWindowVisible': 1,
 'hwnd': 196656,
 'minimized': 0,
 'next': 458784,
 'preferredOrder': 999,
 'rectangle': (1, 1, 1, 1),
 'title': 'Windows Shell Experience Host',
 'zIndex': 70}
Only in list 2: {'GetWindowText': '',
 'IsForegroundWindow': False,
 'IsWindowEnabled': 1,
 'IsWindowVisible': 1,
 'hwnd': 65876,
 'minimized': 0,
 'next': 65870,
 'preferredOrder': 999,
 'rectangle': (0, 0, 0, 0),
 'title': '',
 'zIndex': 58}
	
2017-03-10 13:36:23,127:DEBUG	4960-MainThread	blockKeys.py	26	Caught key down: Numpad1	
2017-03-10 13:36:23,221:DEBUG	4960-MainThread	blockKeys.py	26	Caught key down: Numpad2	
2017-03-10 13:36:23,267:DEBUG	4960-MainThread	blockKeys.py	26	Caught key down: Numpad3	
2017-03-10 13:36:23,299:DEBUG	4960-MainThread	blockKeys.py	29	Caught key up: Numpad1	
2017-03-10 13:36:23,361:DEBUG	4960-MainThread	blockKeys.py	29	Caught key up: Numpad2	
2017-03-10 13:36:23,408:DEBUG	4960-MainThread	blockKeys.py	26	Caught key down: Numpad4	
2017-03-10 13:36:23,456:DEBUG	4960-MainThread	blockKeys.py	29	Caught key up: Numpad3	
2017-03-10 13:36:23,549:DEBUG	4960-MainThread	blockKeys.py	29	Caught key up: Numpad4	
2017-03-10 13:37:17,877:DEBUG	4988-Thread-1	screenlockForegrounder.py	117	win1 length: 6, win2 length: 6	
2017-03-10 13:37:17,877:DEBUG	4988-Thread-1	screenlockForegrounder.py	118	65708 zIndex: (81, 79)
65806 zIndex: (92, 90)
196656 zIndex: (70, 68)
65876 zIndex: (58, 56)
	
2017-03-10 13:38:39,782:DEBUG	4960-MainThread	blockKeys.py	26	Caught key down: Numpad1	
2017-03-10 13:38:39,891:DEBUG	4960-MainThread	blockKeys.py	26	Caught key down: Numpad2	
2017-03-10 13:38:39,938:DEBUG	4960-MainThread	blockKeys.py	29	Caught key up: Numpad1	
2017-03-10 13:38:39,970:DEBUG	4960-MainThread	blockKeys.py	26	Caught key down: Numpad3	
2017-03-10 13:38:40,049:DEBUG	4960-MainThread	blockKeys.py	29	Caught key up: Numpad2	
2017-03-10 13:38:40,111:DEBUG	4960-MainThread	blockKeys.py	26	Caught key down: Numpad4	
2017-03-10 13:38:40,157:DEBUG	4960-MainThread	blockKeys.py	29	Caught key up: Numpad3	
2017-03-10 13:38:40,252:DEBUG	4960-MainThread	blockKeys.py	26	Caught key down: Return	
2017-03-10 13:38:40,267:DEBUG	4960-MainThread	blockKeys.py	29	Caught key up: Numpad4	
2017-03-10 13:38:40,391:DEBUG	4960-MainThread	blockKeys.py	29	Caught key up: Return	
2017-03-10 13:38:42,424:DEBUG	4960-MainThread	blockKeys.py	26	Caught key down: Numpad1	
2017-03-10 13:38:42,549:DEBUG	4960-MainThread	blockKeys.py	26	Caught key down: Numpad2	
2017-03-10 13:38:42,595:DEBUG	4960-MainThread	blockKeys.py	26	Caught key down: Numpad3	
2017-03-10 13:38:42,611:DEBUG	4960-MainThread	blockKeys.py	29	Caught key up: Numpad1	
2017-03-10 13:38:42,752:DEBUG	4960-MainThread	blockKeys.py	26	Caught key down: Numpad4	
2017-03-10 13:38:42,782:DEBUG	4960-MainThread	blockKeys.py	29	Caught key up: Numpad2	
2017-03-10 13:38:42,782:DEBUG	4960-MainThread	blockKeys.py	29	Caught key up: Numpad3	
2017-03-10 13:38:42,907:DEBUG	4960-MainThread	blockKeys.py	29	Caught key up: Numpad4	
2017-03-10 13:38:42,938:DEBUG	4960-MainThread	blockKeys.py	26	Caught key down: Return	
2017-03-10 13:38:43,081:DEBUG	4960-MainThread	blockKeys.py	29	Caught key up: Return	
